2026-02-23 21:33:45,258 | INFO | Starting scraper run with 4 adapters
2026-02-23 21:33:45,259 | INFO | Collecting from adapter: university
2026-02-23 21:33:45,260 | INFO | Adapter university accepted 0/0 records
2026-02-23 21:33:45,260 | INFO | Collecting from adapter: government
2026-02-23 21:33:45,261 | INFO | Adapter government accepted 0/0 records
2026-02-23 21:33:45,261 | INFO | Collecting from adapter: ngo
2026-02-23 21:33:45,262 | INFO | Adapter ngo accepted 0/0 records
2026-02-23 21:33:45,262 | INFO | Collecting from adapter: aggregator
2026-02-23 21:33:45,263 | INFO | Adapter aggregator accepted 0/0 records
2026-02-23 21:33:45,264 | INFO | Run complete. exported=0 deduped=C:\Users\SayuruRehanBopitiyaP\OneDrive - Platned Syngco Limited\Desktop\SR\Projects\scraper\scraper\data\exports\scholarships_masters_20260223_160345.csv
2026-02-23 21:35:13,244 | INFO | Starting scraper run with 4 adapters
2026-02-23 21:35:13,245 | INFO | Collecting from adapter: university
2026-02-23 21:35:13,245 | INFO | Adapter university accepted 0/0 records
2026-02-23 21:35:13,246 | INFO | Collecting from adapter: government
2026-02-23 21:35:13,246 | INFO | Adapter government accepted 0/0 records
2026-02-23 21:35:13,247 | INFO | Collecting from adapter: ngo
2026-02-23 21:35:13,247 | INFO | Adapter ngo accepted 0/0 records
2026-02-23 21:35:13,248 | INFO | Collecting from adapter: aggregator
2026-02-23 21:35:13,248 | INFO | Adapter aggregator accepted 0/0 records
2026-02-23 21:35:13,249 | INFO | Run complete. exported=0 deduped=C:\Users\SayuruRehanBopitiyaP\OneDrive - Platned Syngco Limited\Desktop\SR\Projects\scraper\scraper\data\exports\scholarships_masters_20260223_160513.csv
2026-02-23 21:43:12,470 | INFO | Starting scraper run with 4 adapters
2026-02-23 21:43:12,470 | INFO | Collecting from adapter: university
2026-02-23 21:43:21,465 | INFO | Adapter university accepted 0/10 records
2026-02-23 21:43:21,465 | INFO | Collecting from adapter: government
2026-02-23 21:43:32,916 | INFO | Adapter government accepted 5/16 records
2026-02-23 21:43:32,916 | INFO | Collecting from adapter: ngo
2026-02-23 21:44:00,211 | ERROR | Adapter failed: ngo | HTTPSConnectionPool(host='www.britishcouncil.org', port=443): Read timed out. (read timeout=20)
Traceback (most recent call last):
  File "C:\Users\SayuruRehanBopitiyaP\AppData\Local\Programs\Python\Python313\Lib\site-packages\urllib3\connectionpool.py", line 534, in _make_request
    response = conn.getresponse()
  File "C:\Users\SayuruRehanBopitiyaP\AppData\Local\Programs\Python\Python313\Lib\site-packages\urllib3\connection.py", line 571, in getresponse
    httplib_response = super().getresponse()
  File "C:\Users\SayuruRehanBopitiyaP\AppData\Local\Programs\Python\Python313\Lib\http\client.py", line 1450, in getresponse
    response.begin()
    ~~~~~~~~~~~~~~^^
  File "C:\Users\SayuruRehanBopitiyaP\AppData\Local\Programs\Python\Python313\Lib\http\client.py", line 336, in begin
    version, status, reason = self._read_status()
                              ~~~~~~~~~~~~~~~~~^^
  File "C:\Users\SayuruRehanBopitiyaP\AppData\Local\Programs\Python\Python313\Lib\http\client.py", line 297, in _read_status
    line = str(self.fp.readline(_MAXLINE + 1), "iso-8859-1")
               ~~~~~~~~~~~~~~~~^^^^^^^^^^^^^^
  File "C:\Users\SayuruRehanBopitiyaP\AppData\Local\Programs\Python\Python313\Lib\socket.py", line 719, in readinto
    return self._sock.recv_into(b)
           ~~~~~~~~~~~~~~~~~~~~^^^
  File "C:\Users\SayuruRehanBopitiyaP\AppData\Local\Programs\Python\Python313\Lib\ssl.py", line 1304, in recv_into
    return self.read(nbytes, buffer)
           ~~~~~~~~~^^^^^^^^^^^^^^^^
  File "C:\Users\SayuruRehanBopitiyaP\AppData\Local\Programs\Python\Python313\Lib\ssl.py", line 1138, in read
    return self._sslobj.read(len, buffer)
           ~~~~~~~~~~~~~~~~~^^^^^^^^^^^^^
TimeoutError: The read operation timed out

The above exception was the direct cause of the following exception:

Traceback (most recent call last):
  File "C:\Users\SayuruRehanBopitiyaP\AppData\Local\Programs\Python\Python313\Lib\site-packages\requests\adapters.py", line 667, in send
    resp = conn.urlopen(
        method=request.method,
    ...<9 lines>...
        chunked=chunked,
    )
  File "C:\Users\SayuruRehanBopitiyaP\AppData\Local\Programs\Python\Python313\Lib\site-packages\urllib3\connectionpool.py", line 841, in urlopen
    retries = retries.increment(
        method, url, error=new_e, _pool=self, _stacktrace=sys.exc_info()[2]
    )
  File "C:\Users\SayuruRehanBopitiyaP\AppData\Local\Programs\Python\Python313\Lib\site-packages\urllib3\util\retry.py", line 490, in increment
    raise reraise(type(error), error, _stacktrace)
          ~~~~~~~^^^^^^^^^^^^^^^^^^^^^^^^^^^^^^^^^
  File "C:\Users\SayuruRehanBopitiyaP\AppData\Local\Programs\Python\Python313\Lib\site-packages\urllib3\util\util.py", line 39, in reraise
    raise value
  File "C:\Users\SayuruRehanBopitiyaP\AppData\Local\Programs\Python\Python313\Lib\site-packages\urllib3\connectionpool.py", line 787, in urlopen
    response = self._make_request(
        conn,
    ...<10 lines>...
        **response_kw,
    )
  File "C:\Users\SayuruRehanBopitiyaP\AppData\Local\Programs\Python\Python313\Lib\site-packages\urllib3\connectionpool.py", line 536, in _make_request
    self._raise_timeout(err=e, url=url, timeout_value=read_timeout)
    ~~~~~~~~~~~~~~~~~~~^^^^^^^^^^^^^^^^^^^^^^^^^^^^^^^^^^^^^^^^^^^^
  File "C:\Users\SayuruRehanBopitiyaP\AppData\Local\Programs\Python\Python313\Lib\site-packages\urllib3\connectionpool.py", line 367, in _raise_timeout
    raise ReadTimeoutError(
        self, url, f"Read timed out. (read timeout={timeout_value})"
    ) from err
urllib3.exceptions.ReadTimeoutError: HTTPSConnectionPool(host='www.britishcouncil.org', port=443): Read timed out. (read timeout=20)

During handling of the above exception, another exception occurred:

Traceback (most recent call last):
  File "C:\Users\SayuruRehanBopitiyaP\OneDrive - Platned Syngco Limited\Desktop\SR\Projects\scraper\scraper\src\orchestrator.py", line 29, in run_pipeline
    extracted = adapter.collect(fetch_client)
  File "C:\Users\SayuruRehanBopitiyaP\OneDrive - Platned Syngco Limited\Desktop\SR\Projects\scraper\scraper\src\adapters\ngo\adapter.py", line 25, in collect
    records.extend(collect_generic_source(fetch_client, target))
                   ~~~~~~~~~~~~~~~~~~~~~~^^^^^^^^^^^^^^^^^^^^^^
  File "C:\Users\SayuruRehanBopitiyaP\OneDrive - Platned Syngco Limited\Desktop\SR\Projects\scraper\scraper\src\adapters\utils.py", line 64, in collect_generic_source
    page = fetch_client.fetch_dynamic(target.url) if target.dynamic else fetch_client.fetch_static(target.url)
                                                                         ~~~~~~~~~~~~~~~~~~~~~~~~~^^^^^^^^^^^^
  File "C:\Users\SayuruRehanBopitiyaP\OneDrive - Platned Syngco Limited\Desktop\SR\Projects\scraper\scraper\src\core\fetch.py", line 32, in fetch_static
    response = self.session.get(url, timeout=self.timeout)
  File "C:\Users\SayuruRehanBopitiyaP\AppData\Local\Programs\Python\Python313\Lib\site-packages\requests\sessions.py", line 602, in get
    return self.request("GET", url, **kwargs)
           ~~~~~~~~~~~~^^^^^^^^^^^^^^^^^^^^^^
  File "C:\Users\SayuruRehanBopitiyaP\AppData\Local\Programs\Python\Python313\Lib\site-packages\requests\sessions.py", line 589, in request
    resp = self.send(prep, **send_kwargs)
  File "C:\Users\SayuruRehanBopitiyaP\AppData\Local\Programs\Python\Python313\Lib\site-packages\requests\sessions.py", line 703, in send
    r = adapter.send(request, **kwargs)
  File "C:\Users\SayuruRehanBopitiyaP\AppData\Local\Programs\Python\Python313\Lib\site-packages\requests\adapters.py", line 713, in send
    raise ReadTimeout(e, request=request)
requests.exceptions.ReadTimeout: HTTPSConnectionPool(host='www.britishcouncil.org', port=443): Read timed out. (read timeout=20)
2026-02-23 21:44:00,289 | INFO | Collecting from adapter: aggregator
2026-02-23 21:44:10,836 | INFO | Adapter aggregator accepted 36/65 records
2026-02-23 21:44:10,843 | INFO | Run complete. exported=41 deduped=C:\Users\SayuruRehanBopitiyaP\OneDrive - Platned Syngco Limited\Desktop\SR\Projects\scraper\scraper\data\exports\scholarships_masters_20260223_161410.csv
2026-02-23 21:45:01,822 | INFO | Starting scraper run with 4 adapters
2026-02-23 21:45:01,823 | INFO | Collecting from adapter: university
2026-02-23 21:45:10,926 | INFO | Adapter university accepted 10/10 records
2026-02-23 21:45:10,926 | INFO | Collecting from adapter: government
2026-02-23 21:45:20,603 | INFO | Adapter government accepted 5/16 records
2026-02-23 21:45:20,604 | INFO | Collecting from adapter: ngo
2026-02-23 21:45:47,591 | INFO | Adapter ngo accepted 0/0 records
2026-02-23 21:45:47,592 | INFO | Collecting from adapter: aggregator
2026-02-23 21:45:57,792 | INFO | Adapter aggregator accepted 42/65 records
2026-02-23 21:45:57,794 | INFO | Run complete. exported=57 deduped=C:\Users\SayuruRehanBopitiyaP\OneDrive - Platned Syngco Limited\Desktop\SR\Projects\scraper\scraper\data\exports\scholarships_masters_20260223_161557.csv
2026-02-23 21:46:20,615 | INFO | Starting scraper run with 4 adapters
2026-02-23 21:46:20,615 | INFO | Collecting from adapter: university
2026-02-23 21:46:28,130 | INFO | Adapter university accepted 10/10 records
2026-02-23 21:46:28,131 | INFO | Collecting from adapter: government
2026-02-23 21:46:37,088 | INFO | Adapter government accepted 5/16 records
2026-02-23 21:46:37,088 | INFO | Collecting from adapter: ngo
2026-02-23 21:47:05,303 | INFO | Adapter ngo accepted 2/8 records
2026-02-23 21:47:05,304 | INFO | Collecting from adapter: aggregator
2026-02-23 21:47:15,620 | INFO | Adapter aggregator accepted 42/65 records
2026-02-23 21:47:15,623 | INFO | Run complete. exported=59 deduped=C:\Users\SayuruRehanBopitiyaP\OneDrive - Platned Syngco Limited\Desktop\SR\Projects\scraper\scraper\data\exports\scholarships_masters_20260223_161715.csv
2026-02-24 10:01:08,570 | INFO | Starting scraper run with 4 adapters
2026-02-24 10:01:08,570 | INFO | Collecting from adapter: university
2026-02-24 10:01:18,417 | INFO | Adapter university accepted 10/10 records
2026-02-24 10:01:18,418 | INFO | Collecting from adapter: government
2026-02-24 10:01:30,603 | INFO | Adapter government accepted 5/16 records
2026-02-24 10:01:30,604 | INFO | Collecting from adapter: ngo
2026-02-24 10:01:57,522 | INFO | Adapter ngo accepted 2/8 records
2026-02-24 10:01:57,522 | INFO | Collecting from adapter: aggregator
2026-02-24 10:02:07,560 | INFO | Adapter aggregator accepted 42/65 records
2026-02-24 10:02:07,564 | INFO | Run complete. exported=59 deduped=C:\Users\SayuruRehanBopitiyaP\OneDrive - Platned Syngco Limited\Desktop\SR\Projects\scraper\scraper\data\exports\scholarships_masters_20260224_043207.csv
2026-02-24 10:10:42,519 | INFO | Starting scraper run with 4 adapters
2026-02-24 10:10:42,519 | INFO | Collecting from adapter: university
2026-02-24 10:10:49,824 | INFO | Adapter university accepted 10/10 records
2026-02-24 10:10:49,825 | INFO | Collecting from adapter: government
2026-02-24 10:11:00,792 | INFO | Adapter government accepted 5/16 records
2026-02-24 10:11:00,792 | INFO | Collecting from adapter: ngo
2026-02-24 10:11:29,277 | INFO | Adapter ngo accepted 2/8 records
2026-02-24 10:11:29,277 | INFO | Collecting from adapter: aggregator
2026-02-24 10:17:32,608 | INFO | Starting scraper run with 4 adapters
2026-02-24 10:17:32,609 | INFO | Collecting from adapter: university
2026-02-24 10:17:32,609 | INFO | Adapter university accepted 0/0 records
2026-02-24 10:17:32,610 | INFO | Collecting from adapter: government
2026-02-24 10:17:32,610 | INFO | Adapter government accepted 0/0 records
2026-02-24 10:17:32,611 | INFO | Collecting from adapter: ngo
2026-02-24 10:17:32,611 | INFO | Adapter ngo accepted 0/0 records
2026-02-24 10:17:32,612 | INFO | Collecting from adapter: aggregator
2026-02-24 10:18:00,642 | INFO | Adapter aggregator accepted 5/5 records
2026-02-24 10:18:00,644 | INFO | Run complete. exported=5 deduped=C:\Users\SayuruRehanBopitiyaP\OneDrive - Platned Syngco Limited\Desktop\SR\Projects\scraper\scraper\data\exports\scholarships_masters_20260224_044800.csv
